{
    "contracts/asset/AssetManager.sol": {
        "l": {
            "33": 0,
            "34": 0,
            "38": 645,
            "39": 642,
            "65": 51,
            "66": 51,
            "67": 51,
            "68": 51,
            "72": 0,
            "73": 0,
            "82": 242,
            "83": 242,
            "84": 242,
            "85": 0,
            "87": 242,
            "97": 238,
            "98": 237,
            "107": 0,
            "108": 0,
            "109": 0,
            "110": 0,
            "111": 0,
            "112": 0,
            "124": 0,
            "125": 0,
            "126": 0,
            "127": 0,
            "128": 0,
            "129": 0,
            "141": 873,
            "158": 504,
            "159": 504,
            "161": 504,
            "162": 372,
            "163": 370,
            "166": 495,
            "167": 495,
            "168": 0,
            "172": 0,
            "173": 0,
            "175": 0,
            "176": 0,
            "178": 0,
            "179": 0,
            "180": 0,
            "187": 0,
            "188": 0,
            "189": 0,
            "191": 0,
            "192": 0,
            "193": 0,
            "195": 0,
            "196": 0,
            "197": 0,
            "201": 495,
            "202": 495,
            "205": 458,
            "207": 428,
            "222": 138,
            "224": 137,
            "227": 137,
            "228": 137,
            "229": 137,
            "230": 137,
            "231": 137,
            "234": 136,
            "235": 0,
            "237": 0,
            "238": 0,
            "239": 0,
            "241": 0,
            "242": 0,
            "244": 0,
            "245": 0,
            "246": 0,
            "250": 136,
            "251": 12,
            "252": 12,
            "255": 135,
            "257": 134,
            "261": 0,
            "262": 0,
            "263": 0,
            "271": 0,
            "272": 0,
            "273": 0,
            "275": 0,
            "283": 0,
            "284": 0,
            "285": 0,
            "286": 0,
            "287": 0,
            "288": 0,
            "289": 0,
            "290": 0,
            "294": 0,
            "295": 0,
            "296": 0,
            "297": 0,
            "306": 0,
            "307": 0,
            "308": 0,
            "309": 0,
            "310": 0,
            "319": 0,
            "320": 0,
            "321": 0,
            "322": 0,
            "325": 0,
            "326": 0,
            "327": 0,
            "330": 0,
            "338": 0,
            "339": 0,
            "340": 0,
            "341": 0,
            "342": 0,
            "343": 0,
            "344": 0,
            "345": 0,
            "349": 0,
            "350": 0,
            "351": 0,
            "356": 0,
            "357": 0,
            "358": 0,
            "359": 0,
            "368": 0,
            "369": 0,
            "370": 0,
            "371": 0,
            "372": 0,
            "381": 0,
            "402": 0,
            "403": 0,
            "404": 0,
            "405": 0,
            "407": 0,
            "408": 0,
            "409": 0,
            "410": 0,
            "412": 0,
            "415": 0,
            "417": 0,
            "418": 0,
            "419": 0,
            "420": 0,
            "422": 0,
            "423": 0,
            "424": 0,
            "426": 0,
            "427": 0,
            "430": 0,
            "431": 0,
            "432": 0,
            "433": 0,
            "434": 0,
            "438": 0,
            "440": 0,
            "449": 0,
            "450": 0,
            "451": 0,
            "452": 0,
            "466": 0,
            "467": 0,
            "475": 0,
            "483": 0,
            "498": 0,
            "499": 0,
            "507": 138,
            "509": 125,
            "511": 13,
            "516": 1423,
            "517": 1418,
            "521": 385,
            "522": 385
        },
        "path": "/Users/lenny/Workspace/union/union-contracts-1.5/contracts/asset/AssetManager.sol",
        "s": {
            "1": 0,
            "2": 645,
            "3": 51,
            "4": 51,
            "5": 51,
            "6": 51,
            "7": 0,
            "8": 0,
            "9": 242,
            "10": 242,
            "11": 242,
            "12": 0,
            "13": 242,
            "14": 238,
            "15": 237,
            "16": 0,
            "17": 0,
            "18": 0,
            "19": 0,
            "20": 0,
            "21": 0,
            "22": 0,
            "23": 0,
            "24": 0,
            "25": 0,
            "26": 0,
            "27": 0,
            "28": 873,
            "29": 504,
            "30": 504,
            "31": 504,
            "32": 372,
            "33": 370,
            "34": 495,
            "35": 495,
            "36": 0,
            "37": 0,
            "38": 0,
            "39": 0,
            "40": 0,
            "41": 0,
            "42": 0,
            "43": 0,
            "44": 0,
            "45": 0,
            "46": 0,
            "47": 0,
            "48": 0,
            "49": 0,
            "50": 0,
            "51": 0,
            "52": 0,
            "53": 495,
            "54": 495,
            "55": 458,
            "56": 428,
            "57": 138,
            "58": 137,
            "59": 137,
            "60": 137,
            "61": 137,
            "62": 137,
            "63": 137,
            "64": 136,
            "65": 0,
            "66": 0,
            "67": 0,
            "68": 0,
            "69": 0,
            "70": 0,
            "71": 0,
            "72": 0,
            "73": 0,
            "74": 136,
            "75": 12,
            "76": 12,
            "77": 135,
            "78": 134,
            "79": 0,
            "80": 0,
            "81": 0,
            "82": 0,
            "83": 0,
            "84": 0,
            "85": 0,
            "86": 0,
            "87": 0,
            "88": 0,
            "89": 0,
            "90": 0,
            "91": 0,
            "92": 0,
            "93": 0,
            "94": 0,
            "95": 0,
            "96": 0,
            "97": 0,
            "98": 0,
            "99": 0,
            "100": 0,
            "101": 0,
            "102": 0,
            "103": 0,
            "104": 0,
            "105": 0,
            "106": 0,
            "107": 0,
            "108": 0,
            "109": 0,
            "110": 0,
            "111": 0,
            "112": 0,
            "113": 0,
            "114": 0,
            "115": 0,
            "116": 0,
            "117": 0,
            "118": 0,
            "119": 0,
            "120": 0,
            "121": 0,
            "122": 0,
            "123": 0,
            "124": 0,
            "125": 0,
            "126": 0,
            "127": 0,
            "128": 0,
            "129": 0,
            "130": 0,
            "131": 0,
            "132": 0,
            "133": 0,
            "134": 0,
            "135": 0,
            "136": 0,
            "137": 0,
            "138": 0,
            "139": 0,
            "140": 0,
            "141": 0,
            "142": 0,
            "143": 0,
            "144": 0,
            "145": 0,
            "146": 0,
            "147": 0,
            "148": 0,
            "149": 0,
            "150": 0,
            "151": 0,
            "152": 0,
            "153": 0,
            "154": 0,
            "155": 0,
            "156": 0,
            "157": 0,
            "158": 0,
            "159": 0,
            "160": 0,
            "161": 0,
            "162": 0,
            "163": 0,
            "164": 138,
            "165": 125,
            "166": 13,
            "167": 1423,
            "168": 1418,
            "169": 385,
            "170": 385
        },
        "b": {
            "1": [0, 0],
            "2": [642, 3],
            "3": [51, 0],
            "4": [0, 0],
            "5": [0, 242],
            "6": [0, 0],
            "7": [0, 0],
            "8": [0, 0],
            "9": [0, 0],
            "10": [504, 0],
            "11": [372, 131],
            "12": [0, 495],
            "13": [0, 0],
            "14": [0, 0],
            "15": [0, 0],
            "16": [0, 0],
            "17": [495, 0],
            "18": [137, 1],
            "19": [137, 0],
            "20": [0, 136],
            "21": [0, 0],
            "22": [0, 0],
            "23": [12, 123],
            "24": [0, 0],
            "25": [0, 0],
            "26": [0, 0],
            "27": [0, 0],
            "28": [0, 0],
            "29": [0, 0],
            "30": [0, 0],
            "31": [0, 0],
            "32": [0, 0],
            "33": [0, 0],
            "34": [0, 0],
            "35": [0, 0],
            "36": [0, 0],
            "37": [0, 0],
            "38": [0, 0],
            "39": [125, 13]
        },
        "f": {
            "1": 0,
            "2": 645,
            "3": 51,
            "4": 0,
            "5": 242,
            "6": 238,
            "7": 0,
            "8": 0,
            "9": 873,
            "10": 504,
            "11": 138,
            "12": 0,
            "13": 0,
            "14": 0,
            "15": 0,
            "16": 0,
            "17": 0,
            "18": 0,
            "19": 0,
            "20": 0,
            "21": 0,
            "22": 0,
            "23": 0,
            "24": 0,
            "25": 0,
            "26": 0,
            "27": 138,
            "28": 1423,
            "29": 385
        },
        "fnMap": {
            "1": {
                "name": "checkMarketSupported",
                "line": 32,
                "loc": {"start": {"line": 32, "column": 4}, "end": {"line": 35, "column": 4}}
            },
            "2": {
                "name": "onlyAuth",
                "line": 37,
                "loc": {"start": {"line": 37, "column": 4}, "end": {"line": 40, "column": 4}}
            },
            "3": {
                "name": "__AssetManager_init",
                "line": 64,
                "loc": {"start": {"line": 64, "column": 4}, "end": {"line": 69, "column": 4}}
            },
            "4": {
                "name": "setMarketRegistry",
                "line": 71,
                "loc": {"start": {"line": 71, "column": 4}, "end": {"line": 74, "column": 4}}
            },
            "5": {
                "name": "getPoolBalance",
                "line": 81,
                "loc": {"start": {"line": 81, "column": 4}, "end": {"line": 89, "column": 4}}
            },
            "6": {
                "name": "getLoanableAmount",
                "line": 96,
                "loc": {"start": {"line": 96, "column": 4}, "end": {"line": 99, "column": 4}}
            },
            "7": {
                "name": "totalSupply",
                "line": 106,
                "loc": {"start": {"line": 106, "column": 4}, "end": {"line": 116, "column": 4}}
            },
            "8": {
                "name": "totalSupplyView",
                "line": 123,
                "loc": {"start": {"line": 123, "column": 4}, "end": {"line": 133, "column": 4}}
            },
            "9": {
                "name": "isMarketSupported",
                "line": 140,
                "loc": {"start": {"line": 140, "column": 4}, "end": {"line": 142, "column": 4}}
            },
            "10": {
                "name": "deposit",
                "line": 155,
                "loc": {"start": {"line": 150, "column": 4}, "end": {"line": 208, "column": 4}}
            },
            "11": {
                "name": "withdraw",
                "line": 221,
                "loc": {"start": {"line": 217, "column": 4}, "end": {"line": 258, "column": 4}}
            },
            "12": {
                "name": "debtWriteOff",
                "line": 260,
                "loc": {"start": {"line": 260, "column": 4}, "end": {"line": 264, "column": 4}}
            },
            "13": {
                "name": "addToken",
                "line": 270,
                "loc": {"start": {"line": 270, "column": 4}, "end": {"line": 276, "column": 4}}
            },
            "14": {
                "name": "removeToken",
                "line": 282,
                "loc": {"start": {"line": 282, "column": 4}, "end": {"line": 299, "column": 4}}
            },
            "15": {
                "name": "approveAllMarketsMax",
                "line": 305,
                "loc": {"start": {"line": 305, "column": 4}, "end": {"line": 312, "column": 4}}
            },
            "16": {
                "name": "addAdapter",
                "line": 318,
                "loc": {"start": {"line": 318, "column": 4}, "end": {"line": 331, "column": 4}}
            },
            "17": {
                "name": "removeAdapter",
                "line": 337,
                "loc": {"start": {"line": 337, "column": 4}, "end": {"line": 353, "column": 4}}
            },
            "18": {
                "name": "overwriteAdapters",
                "line": 355,
                "loc": {"start": {"line": 355, "column": 4}, "end": {"line": 361, "column": 4}}
            },
            "19": {
                "name": "approveAllTokensMax",
                "line": 367,
                "loc": {"start": {"line": 367, "column": 4}, "end": {"line": 374, "column": 4}}
            },
            "20": {
                "name": "changeWithdrawSequence",
                "line": 380,
                "loc": {"start": {"line": 380, "column": 4}, "end": {"line": 382, "column": 4}}
            },
            "21": {
                "name": "rebalance",
                "line": 400,
                "loc": {"start": {"line": 396, "column": 4}, "end": {"line": 441, "column": 4}}
            },
            "22": {
                "name": "claimTokens",
                "line": 448,
                "loc": {"start": {"line": 448, "column": 4}, "end": {"line": 453, "column": 4}}
            },
            "23": {
                "name": "claimTokensFromAdapter",
                "line": 465,
                "loc": {"start": {"line": 461, "column": 4}, "end": {"line": 468, "column": 4}}
            },
            "24": {
                "name": "moneyMarketsCount",
                "line": 474,
                "loc": {"start": {"line": 474, "column": 4}, "end": {"line": 476, "column": 4}}
            },
            "25": {
                "name": "supportedTokensCount",
                "line": 482,
                "loc": {"start": {"line": 482, "column": 4}, "end": {"line": 484, "column": 4}}
            },
            "26": {
                "name": "getMoneyMarket",
                "line": 492,
                "loc": {"start": {"line": 492, "column": 4}, "end": {"line": 500, "column": 4}}
            },
            "27": {
                "name": "_checkSenderBalance",
                "line": 502,
                "loc": {"start": {"line": 502, "column": 4}, "end": {"line": 513, "column": 4}}
            },
            "28": {
                "name": "_isUToken",
                "line": 515,
                "loc": {"start": {"line": 515, "column": 4}, "end": {"line": 518, "column": 4}}
            },
            "29": {
                "name": "_isUserManager",
                "line": 520,
                "loc": {"start": {"line": 520, "column": 4}, "end": {"line": 523, "column": 4}}
            }
        },
        "statementMap": {
            "1": {"start": {"line": 33, "column": 8}, "end": {"line": 33, "column": 75}},
            "2": {"start": {"line": 38, "column": 8}, "end": {"line": 38, "column": 114}},
            "3": {"start": {"line": 65, "column": 8}, "end": {"line": 65, "column": 93}},
            "4": {"start": {"line": 66, "column": 8}, "end": {"line": 66, "column": 47}},
            "5": {"start": {"line": 67, "column": 8}, "end": {"line": 67, "column": 58}},
            "6": {"start": {"line": 68, "column": 8}, "end": {"line": 68, "column": 39}},
            "7": {"start": {"line": 72, "column": 8}, "end": {"line": 72, "column": 93}},
            "8": {"start": {"line": 73, "column": 8}, "end": {"line": 73, "column": 39}},
            "9": {"start": {"line": 82, "column": 8}, "end": {"line": 82, "column": 69}},
            "10": {"start": {"line": 83, "column": 8}, "end": {"line": 83, "column": 60}},
            "11": {"start": {"line": 84, "column": 8}, "end": {"line": 84, "column": 3752}},
            "12": {"start": {"line": 85, "column": 12}, "end": {"line": 85, "column": 58}},
            "13": {"start": {"line": 87, "column": 12}, "end": {"line": 87, "column": 26}},
            "14": {"start": {"line": 97, "column": 8}, "end": {"line": 97, "column": 58}},
            "15": {"start": {"line": 98, "column": 8}, "end": {"line": 98, "column": 111}},
            "16": {"start": {"line": 107, "column": 8}, "end": {"line": 107, "column": 22}},
            "17": {"start": {"line": 108, "column": 8}, "end": {"line": 108, "column": 4767}},
            "18": {"start": {"line": 109, "column": 12}, "end": {"line": 109, "column": 60}},
            "19": {"start": {"line": 110, "column": 12}, "end": {"line": 110, "column": 4884}},
            "20": {"start": {"line": 111, "column": 16}, "end": {"line": 111, "column": 4955}},
            "21": {"start": {"line": 112, "column": 20}, "end": {"line": 112, "column": 73}},
            "22": {"start": {"line": 124, "column": 8}, "end": {"line": 124, "column": 22}},
            "23": {"start": {"line": 125, "column": 8}, "end": {"line": 125, "column": 5619}},
            "24": {"start": {"line": 126, "column": 12}, "end": {"line": 126, "column": 60}},
            "25": {"start": {"line": 127, "column": 12}, "end": {"line": 127, "column": 5736}},
            "26": {"start": {"line": 128, "column": 16}, "end": {"line": 128, "column": 5807}},
            "27": {"start": {"line": 129, "column": 20}, "end": {"line": 129, "column": 77}},
            "28": {"start": {"line": 141, "column": 8}, "end": {"line": 141, "column": 45}},
            "29": {"start": {"line": 158, "column": 8}, "end": {"line": 158, "column": 62}},
            "30": {"start": {"line": 159, "column": 8}, "end": {"line": 159, "column": 60}},
            "31": {"start": {"line": 161, "column": 8}, "end": {"line": 161, "column": 6923}},
            "32": {"start": {"line": 162, "column": 12}, "end": {"line": 162, "column": 48}},
            "33": {"start": {"line": 163, "column": 12}, "end": {"line": 163, "column": 42}},
            "34": {"start": {"line": 166, "column": 8}, "end": {"line": 166, "column": 29}},
            "35": {"start": {"line": 167, "column": 8}, "end": {"line": 167, "column": 7106}},
            "36": {"start": {"line": 168, "column": 12}, "end": {"line": 168, "column": 60}},
            "37": {"start": {"line": 172, "column": 12}, "end": {"line": 172, "column": 7431}},
            "38": {"start": {"line": 173, "column": 16}, "end": {"line": 173, "column": 65}},
            "39": {"start": {"line": 175, "column": 16}, "end": {"line": 175, "column": 63}},
            "40": {"start": {"line": 176, "column": 16}, "end": {"line": 176, "column": 89}},
            "41": {"start": {"line": 178, "column": 16}, "end": {"line": 178, "column": 83}},
            "42": {"start": {"line": 179, "column": 16}, "end": {"line": 179, "column": 41}},
            "43": {"start": {"line": 180, "column": 16}, "end": {"line": 180, "column": 32}},
            "44": {"start": {"line": 187, "column": 12}, "end": {"line": 187, "column": 8192}},
            "45": {"start": {"line": 188, "column": 16}, "end": {"line": 188, "column": 69}},
            "46": {"start": {"line": 189, "column": 16}, "end": {"line": 189, "column": 63}},
            "47": {"start": {"line": 191, "column": 16}, "end": {"line": 191, "column": 61}},
            "48": {"start": {"line": 192, "column": 16}, "end": {"line": 192, "column": 63}},
            "49": {"start": {"line": 193, "column": 16}, "end": {"line": 193, "column": 55}},
            "50": {"start": {"line": 195, "column": 16}, "end": {"line": 195, "column": 83}},
            "51": {"start": {"line": 196, "column": 16}, "end": {"line": 196, "column": 41}},
            "52": {"start": {"line": 197, "column": 16}, "end": {"line": 197, "column": 32}},
            "53": {"start": {"line": 201, "column": 8}, "end": {"line": 201, "column": 8773}},
            "54": {"start": {"line": 202, "column": 12}, "end": {"line": 202, "column": 72}},
            "55": {"start": {"line": 205, "column": 8}, "end": {"line": 205, "column": 50}},
            "56": {"start": {"line": 207, "column": 8}, "end": {"line": 207, "column": 19}},
            "57": {"start": {"line": 222, "column": 8}, "end": {"line": 222, "column": 95}},
            "58": {"start": {"line": 224, "column": 8}, "end": {"line": 224, "column": 34}},
            "59": {"start": {"line": 227, "column": 8}, "end": {"line": 227, "column": 79}},
            "60": {"start": {"line": 228, "column": 8}, "end": {"line": 228, "column": 9646}},
            "61": {"start": {"line": 229, "column": 12}, "end": {"line": 229, "column": 86}},
            "62": {"start": {"line": 230, "column": 12}, "end": {"line": 230, "column": 38}},
            "63": {"start": {"line": 231, "column": 12}, "end": {"line": 231, "column": 73}},
            "64": {"start": {"line": 234, "column": 8}, "end": {"line": 234, "column": 9893}},
            "65": {"start": {"line": 235, "column": 12}, "end": {"line": 235, "column": 58}},
            "66": {"start": {"line": 237, "column": 12}, "end": {"line": 237, "column": 10075}},
            "67": {"start": {"line": 238, "column": 16}, "end": {"line": 238, "column": 78}},
            "68": {"start": {"line": 239, "column": 16}, "end": {"line": 239, "column": 63}},
            "69": {"start": {"line": 241, "column": 16}, "end": {"line": 241, "column": 61}},
            "70": {"start": {"line": 242, "column": 16}, "end": {"line": 242, "column": 41}},
            "71": {"start": {"line": 244, "column": 16}, "end": {"line": 244, "column": 80}},
            "72": {"start": {"line": 245, "column": 16}, "end": {"line": 245, "column": 42}},
            "73": {"start": {"line": 246, "column": 16}, "end": {"line": 246, "column": 67}},
            "74": {"start": {"line": 250, "column": 8}, "end": {"line": 250, "column": 10621}},
            "75": {"start": {"line": 251, "column": 12}, "end": {"line": 251, "column": 89}},
            "76": {"start": {"line": 252, "column": 12}, "end": {"line": 252, "column": 77}},
            "77": {"start": {"line": 255, "column": 8}, "end": {"line": 255, "column": 59}},
            "78": {"start": {"line": 257, "column": 8}, "end": {"line": 257, "column": 19}},
            "79": {"start": {"line": 261, "column": 8}, "end": {"line": 261, "column": 89}},
            "80": {"start": {"line": 262, "column": 8}, "end": {"line": 262, "column": 44}},
            "81": {"start": {"line": 263, "column": 8}, "end": {"line": 263, "column": 38}},
            "82": {"start": {"line": 271, "column": 8}, "end": {"line": 271, "column": 77}},
            "83": {"start": {"line": 272, "column": 8}, "end": {"line": 272, "column": 45}},
            "84": {"start": {"line": 273, "column": 8}, "end": {"line": 273, "column": 44}},
            "85": {"start": {"line": 275, "column": 8}, "end": {"line": 275, "column": 41}},
            "86": {"start": {"line": 283, "column": 8}, "end": {"line": 283, "column": 28}},
            "87": {"start": {"line": 284, "column": 8}, "end": {"line": 284, "column": 21}},
            "88": {"start": {"line": 285, "column": 8}, "end": {"line": 285, "column": 66}},
            "89": {"start": {"line": 286, "column": 8}, "end": {"line": 286, "column": 11953}},
            "90": {"start": {"line": 287, "column": 12}, "end": {"line": 287, "column": 12023}},
            "91": {"start": {"line": 288, "column": 16}, "end": {"line": 288, "column": 29}},
            "92": {"start": {"line": 289, "column": 16}, "end": {"line": 289, "column": 24}},
            "93": {"start": {"line": 294, "column": 8}, "end": {"line": 294, "column": 12189}},
            "94": {"start": {"line": 295, "column": 12}, "end": {"line": 295, "column": 86}},
            "95": {"start": {"line": 296, "column": 12}, "end": {"line": 296, "column": 36}},
            "96": {"start": {"line": 297, "column": 12}, "end": {"line": 297, "column": 49}},
            "97": {"start": {"line": 306, "column": 8}, "end": {"line": 306, "column": 69}},
            "98": {"start": {"line": 307, "column": 8}, "end": {"line": 307, "column": 56}},
            "99": {"start": {"line": 308, "column": 8}, "end": {"line": 308, "column": 12763}},
            "100": {"start": {"line": 309, "column": 12}, "end": {"line": 309, "column": 61}},
            "101": {"start": {"line": 310, "column": 12}, "end": {"line": 310, "column": 77}},
            "102": {"start": {"line": 319, "column": 8}, "end": {"line": 319, "column": 28}},
            "103": {"start": {"line": 320, "column": 8}, "end": {"line": 320, "column": 56}},
            "104": {"start": {"line": 321, "column": 8}, "end": {"line": 321, "column": 13278}},
            "105": {"start": {"line": 322, "column": 12}, "end": {"line": 322, "column": 74}},
            "106": {"start": {"line": 322, "column": 60}, "end": {"line": 322, "column": 73}},
            "107": {"start": {"line": 325, "column": 8}, "end": {"line": 325, "column": 13424}},
            "108": {"start": {"line": 326, "column": 12}, "end": {"line": 326, "column": 65}},
            "109": {"start": {"line": 327, "column": 12}, "end": {"line": 327, "column": 52}},
            "110": {"start": {"line": 330, "column": 8}, "end": {"line": 330, "column": 42}},
            "111": {"start": {"line": 338, "column": 8}, "end": {"line": 338, "column": 28}},
            "112": {"start": {"line": 339, "column": 8}, "end": {"line": 339, "column": 21}},
            "113": {"start": {"line": 340, "column": 8}, "end": {"line": 340, "column": 56}},
            "114": {"start": {"line": 341, "column": 8}, "end": {"line": 341, "column": 13954}},
            "115": {"start": {"line": 342, "column": 12}, "end": {"line": 342, "column": 14021}},
            "116": {"start": {"line": 343, "column": 16}, "end": {"line": 343, "column": 29}},
            "117": {"start": {"line": 344, "column": 16}, "end": {"line": 344, "column": 24}},
            "118": {"start": {"line": 349, "column": 8}, "end": {"line": 349, "column": 14182}},
            "119": {"start": {"line": 350, "column": 12}, "end": {"line": 350, "column": 69}},
            "120": {"start": {"line": 351, "column": 12}, "end": {"line": 351, "column": 29}},
            "121": {"start": {"line": 356, "column": 8}, "end": {"line": 356, "column": 48}},
            "122": {"start": {"line": 357, "column": 8}, "end": {"line": 357, "column": 63}},
            "123": {"start": {"line": 358, "column": 8}, "end": {"line": 358, "column": 14523}},
            "124": {"start": {"line": 359, "column": 12}, "end": {"line": 359, "column": 61}},
            "125": {"start": {"line": 368, "column": 8}, "end": {"line": 368, "column": 66}},
            "126": {"start": {"line": 369, "column": 8}, "end": {"line": 369, "column": 14971}},
            "127": {"start": {"line": 370, "column": 12}, "end": {"line": 370, "column": 83}},
            "128": {"start": {"line": 371, "column": 12}, "end": {"line": 371, "column": 51}},
            "129": {"start": {"line": 372, "column": 12}, "end": {"line": 372, "column": 67}},
            "130": {"start": {"line": 381, "column": 8}, "end": {"line": 381, "column": 27}},
            "131": {"start": {"line": 402, "column": 8}, "end": {"line": 402, "column": 65}},
            "132": {"start": {"line": 403, "column": 8}, "end": {"line": 403, "column": 56}},
            "133": {"start": {"line": 404, "column": 8}, "end": {"line": 404, "column": 54}},
            "134": {"start": {"line": 405, "column": 8}, "end": {"line": 405, "column": 94}},
            "135": {"start": {"line": 407, "column": 8}, "end": {"line": 407, "column": 16741}},
            "136": {"start": {"line": 408, "column": 12}, "end": {"line": 408, "column": 61}},
            "137": {"start": {"line": 409, "column": 12}, "end": {"line": 409, "column": 16871}},
            "138": {"start": {"line": 412, "column": 12}, "end": {"line": 412, "column": 63}},
            "139": {"start": {"line": 415, "column": 8}, "end": {"line": 415, "column": 60}},
            "140": {"start": {"line": 417, "column": 8}, "end": {"line": 417, "column": 17103}},
            "141": {"start": {"line": 418, "column": 12}, "end": {"line": 418, "column": 61}},
            "142": {"start": {"line": 419, "column": 12}, "end": {"line": 419, "column": 17232}},
            "143": {"start": {"line": 422, "column": 12}, "end": {"line": 422, "column": 76}},
            "144": {"start": {"line": 423, "column": 12}, "end": {"line": 423, "column": 17410}},
            "145": {"start": {"line": 426, "column": 12}, "end": {"line": 426, "column": 68}},
            "146": {"start": {"line": 427, "column": 12}, "end": {"line": 427, "column": 44}},
            "147": {"start": {"line": 430, "column": 8}, "end": {"line": 430, "column": 64}},
            "148": {"start": {"line": 431, "column": 8}, "end": {"line": 431, "column": 82}},
            "149": {"start": {"line": 432, "column": 8}, "end": {"line": 432, "column": 17761}},
            "150": {"start": {"line": 433, "column": 12}, "end": {"line": 433, "column": 72}},
            "151": {"start": {"line": 434, "column": 12}, "end": {"line": 434, "column": 48}},
            "152": {"start": {"line": 438, "column": 8}, "end": {"line": 438, "column": 114}},
            "153": {"start": {"line": 440, "column": 8}, "end": {"line": 440, "column": 52}},
            "154": {"start": {"line": 449, "column": 8}, "end": {"line": 449, "column": 75}},
            "155": {"start": {"line": 450, "column": 8}, "end": {"line": 450, "column": 65}},
            "156": {"start": {"line": 451, "column": 8}, "end": {"line": 451, "column": 56}},
            "157": {"start": {"line": 452, "column": 8}, "end": {"line": 452, "column": 45}},
            "158": {"start": {"line": 466, "column": 8}, "end": {"line": 466, "column": 61}},
            "159": {"start": {"line": 467, "column": 8}, "end": {"line": 467, "column": 55}},
            "160": {"start": {"line": 475, "column": 8}, "end": {"line": 475, "column": 34}},
            "161": {"start": {"line": 483, "column": 8}, "end": {"line": 483, "column": 41}},
            "162": {"start": {"line": 498, "column": 8}, "end": {"line": 498, "column": 58}},
            "163": {"start": {"line": 499, "column": 8}, "end": {"line": 499, "column": 72}},
            "164": {"start": {"line": 507, "column": 8}, "end": {"line": 507, "column": 20485}},
            "165": {"start": {"line": 509, "column": 12}, "end": {"line": 509, "column": 60}},
            "166": {"start": {"line": 511, "column": 12}, "end": {"line": 511, "column": 59}},
            "167": {"start": {"line": 516, "column": 8}, "end": {"line": 516, "column": 81}},
            "168": {"start": {"line": 517, "column": 8}, "end": {"line": 517, "column": 38}},
            "169": {"start": {"line": 521, "column": 8}, "end": {"line": 521, "column": 86}},
            "170": {"start": {"line": 522, "column": 8}, "end": {"line": 522, "column": 43}}
        },
        "branchMap": {
            "1": {
                "line": 33,
                "type": "if",
                "locations": [
                    {"start": {"line": 33, "column": 8}, "end": {"line": 33, "column": 8}},
                    {"start": {"line": 33, "column": 8}, "end": {"line": 33, "column": 8}}
                ]
            },
            "2": {
                "line": 38,
                "type": "if",
                "locations": [
                    {"start": {"line": 38, "column": 8}, "end": {"line": 38, "column": 8}},
                    {"start": {"line": 38, "column": 8}, "end": {"line": 38, "column": 8}}
                ]
            },
            "3": {
                "line": 65,
                "type": "if",
                "locations": [
                    {"start": {"line": 65, "column": 8}, "end": {"line": 65, "column": 8}},
                    {"start": {"line": 65, "column": 8}, "end": {"line": 65, "column": 8}}
                ]
            },
            "4": {
                "line": 72,
                "type": "if",
                "locations": [
                    {"start": {"line": 72, "column": 8}, "end": {"line": 72, "column": 8}},
                    {"start": {"line": 72, "column": 8}, "end": {"line": 72, "column": 8}}
                ]
            },
            "5": {
                "line": 84,
                "type": "if",
                "locations": [
                    {"start": {"line": 84, "column": 8}, "end": {"line": 84, "column": 8}},
                    {"start": {"line": 84, "column": 8}, "end": {"line": 84, "column": 8}}
                ]
            },
            "6": {
                "line": 108,
                "type": "if",
                "locations": [
                    {"start": {"line": 108, "column": 8}, "end": {"line": 108, "column": 8}},
                    {"start": {"line": 108, "column": 8}, "end": {"line": 108, "column": 8}}
                ]
            },
            "7": {
                "line": 111,
                "type": "if",
                "locations": [
                    {"start": {"line": 111, "column": 16}, "end": {"line": 111, "column": 16}},
                    {"start": {"line": 111, "column": 16}, "end": {"line": 111, "column": 16}}
                ]
            },
            "8": {
                "line": 125,
                "type": "if",
                "locations": [
                    {"start": {"line": 125, "column": 8}, "end": {"line": 125, "column": 8}},
                    {"start": {"line": 125, "column": 8}, "end": {"line": 125, "column": 8}}
                ]
            },
            "9": {
                "line": 128,
                "type": "if",
                "locations": [
                    {"start": {"line": 128, "column": 16}, "end": {"line": 128, "column": 16}},
                    {"start": {"line": 128, "column": 16}, "end": {"line": 128, "column": 16}}
                ]
            },
            "10": {
                "line": 159,
                "type": "if",
                "locations": [
                    {"start": {"line": 159, "column": 8}, "end": {"line": 159, "column": 8}},
                    {"start": {"line": 159, "column": 8}, "end": {"line": 159, "column": 8}}
                ]
            },
            "11": {
                "line": 161,
                "type": "if",
                "locations": [
                    {"start": {"line": 161, "column": 8}, "end": {"line": 161, "column": 8}},
                    {"start": {"line": 161, "column": 8}, "end": {"line": 161, "column": 8}}
                ]
            },
            "12": {
                "line": 167,
                "type": "if",
                "locations": [
                    {"start": {"line": 167, "column": 8}, "end": {"line": 167, "column": 8}},
                    {"start": {"line": 167, "column": 8}, "end": {"line": 167, "column": 8}}
                ]
            },
            "13": {
                "line": 175,
                "type": "if",
                "locations": [
                    {"start": {"line": 175, "column": 16}, "end": {"line": 175, "column": 16}},
                    {"start": {"line": 175, "column": 16}, "end": {"line": 175, "column": 16}}
                ]
            },
            "14": {
                "line": 176,
                "type": "if",
                "locations": [
                    {"start": {"line": 176, "column": 16}, "end": {"line": 176, "column": 16}},
                    {"start": {"line": 176, "column": 16}, "end": {"line": 176, "column": 16}}
                ]
            },
            "15": {
                "line": 189,
                "type": "if",
                "locations": [
                    {"start": {"line": 189, "column": 16}, "end": {"line": 189, "column": 16}},
                    {"start": {"line": 189, "column": 16}, "end": {"line": 189, "column": 16}}
                ]
            },
            "16": {
                "line": 193,
                "type": "if",
                "locations": [
                    {"start": {"line": 193, "column": 16}, "end": {"line": 193, "column": 16}},
                    {"start": {"line": 193, "column": 16}, "end": {"line": 193, "column": 16}}
                ]
            },
            "17": {
                "line": 201,
                "type": "if",
                "locations": [
                    {"start": {"line": 201, "column": 8}, "end": {"line": 201, "column": 8}},
                    {"start": {"line": 201, "column": 8}, "end": {"line": 201, "column": 8}}
                ]
            },
            "18": {
                "line": 222,
                "type": "if",
                "locations": [
                    {"start": {"line": 222, "column": 8}, "end": {"line": 222, "column": 8}},
                    {"start": {"line": 222, "column": 8}, "end": {"line": 222, "column": 8}}
                ]
            },
            "19": {
                "line": 228,
                "type": "if",
                "locations": [
                    {"start": {"line": 228, "column": 8}, "end": {"line": 228, "column": 8}},
                    {"start": {"line": 228, "column": 8}, "end": {"line": 228, "column": 8}}
                ]
            },
            "20": {
                "line": 234,
                "type": "if",
                "locations": [
                    {"start": {"line": 234, "column": 8}, "end": {"line": 234, "column": 8}},
                    {"start": {"line": 234, "column": 8}, "end": {"line": 234, "column": 8}}
                ]
            },
            "21": {
                "line": 239,
                "type": "if",
                "locations": [
                    {"start": {"line": 239, "column": 16}, "end": {"line": 239, "column": 16}},
                    {"start": {"line": 239, "column": 16}, "end": {"line": 239, "column": 16}}
                ]
            },
            "22": {
                "line": 242,
                "type": "if",
                "locations": [
                    {"start": {"line": 242, "column": 16}, "end": {"line": 242, "column": 16}},
                    {"start": {"line": 242, "column": 16}, "end": {"line": 242, "column": 16}}
                ]
            },
            "23": {
                "line": 250,
                "type": "if",
                "locations": [
                    {"start": {"line": 250, "column": 8}, "end": {"line": 250, "column": 8}},
                    {"start": {"line": 250, "column": 8}, "end": {"line": 250, "column": 8}}
                ]
            },
            "24": {
                "line": 261,
                "type": "if",
                "locations": [
                    {"start": {"line": 261, "column": 8}, "end": {"line": 261, "column": 8}},
                    {"start": {"line": 261, "column": 8}, "end": {"line": 261, "column": 8}}
                ]
            },
            "25": {
                "line": 271,
                "type": "if",
                "locations": [
                    {"start": {"line": 271, "column": 8}, "end": {"line": 271, "column": 8}},
                    {"start": {"line": 271, "column": 8}, "end": {"line": 271, "column": 8}}
                ]
            },
            "26": {
                "line": 287,
                "type": "if",
                "locations": [
                    {"start": {"line": 287, "column": 12}, "end": {"line": 287, "column": 12}},
                    {"start": {"line": 287, "column": 12}, "end": {"line": 287, "column": 12}}
                ]
            },
            "27": {
                "line": 294,
                "type": "if",
                "locations": [
                    {"start": {"line": 294, "column": 8}, "end": {"line": 294, "column": 8}},
                    {"start": {"line": 294, "column": 8}, "end": {"line": 294, "column": 8}}
                ]
            },
            "28": {
                "line": 322,
                "type": "if",
                "locations": [
                    {"start": {"line": 322, "column": 12}, "end": {"line": 322, "column": 12}},
                    {"start": {"line": 322, "column": 12}, "end": {"line": 322, "column": 12}}
                ]
            },
            "29": {
                "line": 325,
                "type": "if",
                "locations": [
                    {"start": {"line": 325, "column": 8}, "end": {"line": 325, "column": 8}},
                    {"start": {"line": 325, "column": 8}, "end": {"line": 325, "column": 8}}
                ]
            },
            "30": {
                "line": 342,
                "type": "if",
                "locations": [
                    {"start": {"line": 342, "column": 12}, "end": {"line": 342, "column": 12}},
                    {"start": {"line": 342, "column": 12}, "end": {"line": 342, "column": 12}}
                ]
            },
            "31": {
                "line": 349,
                "type": "if",
                "locations": [
                    {"start": {"line": 349, "column": 8}, "end": {"line": 349, "column": 8}},
                    {"start": {"line": 349, "column": 8}, "end": {"line": 349, "column": 8}}
                ]
            },
            "32": {
                "line": 405,
                "type": "if",
                "locations": [
                    {"start": {"line": 405, "column": 8}, "end": {"line": 405, "column": 8}},
                    {"start": {"line": 405, "column": 8}, "end": {"line": 405, "column": 8}}
                ]
            },
            "33": {
                "line": 409,
                "type": "if",
                "locations": [
                    {"start": {"line": 409, "column": 12}, "end": {"line": 409, "column": 12}},
                    {"start": {"line": 409, "column": 12}, "end": {"line": 409, "column": 12}}
                ]
            },
            "34": {
                "line": 419,
                "type": "if",
                "locations": [
                    {"start": {"line": 419, "column": 12}, "end": {"line": 419, "column": 12}},
                    {"start": {"line": 419, "column": 12}, "end": {"line": 419, "column": 12}}
                ]
            },
            "35": {
                "line": 423,
                "type": "if",
                "locations": [
                    {"start": {"line": 423, "column": 12}, "end": {"line": 423, "column": 12}},
                    {"start": {"line": 423, "column": 12}, "end": {"line": 423, "column": 12}}
                ]
            },
            "36": {
                "line": 432,
                "type": "if",
                "locations": [
                    {"start": {"line": 432, "column": 8}, "end": {"line": 432, "column": 8}},
                    {"start": {"line": 432, "column": 8}, "end": {"line": 432, "column": 8}}
                ]
            },
            "37": {
                "line": 438,
                "type": "if",
                "locations": [
                    {"start": {"line": 438, "column": 8}, "end": {"line": 438, "column": 8}},
                    {"start": {"line": 438, "column": 8}, "end": {"line": 438, "column": 8}}
                ]
            },
            "38": {
                "line": 449,
                "type": "if",
                "locations": [
                    {"start": {"line": 449, "column": 8}, "end": {"line": 449, "column": 8}},
                    {"start": {"line": 449, "column": 8}, "end": {"line": 449, "column": 8}}
                ]
            },
            "39": {
                "line": 507,
                "type": "if",
                "locations": [
                    {"start": {"line": 507, "column": 8}, "end": {"line": 507, "column": 8}},
                    {"start": {"line": 507, "column": 8}, "end": {"line": 507, "column": 8}}
                ]
            }
        }
    },
    "contracts/asset/PureTokenAdapter.sol": {
        "l": {
            "18": 0,
            "19": 0,
            "23": 0,
            "24": 0,
            "28": 51,
            "29": 51,
            "33": 0,
            "37": 0,
            "41": 0,
            "45": 0,
            "58": 0,
            "59": 0,
            "68": 0,
            "69": 0,
            "73": 0,
            "77": 0,
            "78": 0,
            "82": 0,
            "83": 0,
            "87": 0,
            "93": 0,
            "97": 0,
            "98": 0,
            "99": 0
        },
        "path": "/Users/lenny/Workspace/union/union-contracts-1.5/contracts/asset/PureTokenAdapter.sol",
        "s": {
            "1": 0,
            "2": 0,
            "3": 51,
            "4": 51,
            "5": 0,
            "6": 0,
            "7": 0,
            "8": 0,
            "9": 0,
            "10": 0,
            "11": 0,
            "12": 0,
            "13": 0,
            "14": 0,
            "15": 0,
            "16": 0,
            "17": 0,
            "18": 0,
            "19": 0,
            "20": 0,
            "21": 0,
            "22": 0
        },
        "b": {"1": [0, 0], "2": [0, 0]},
        "f": {
            "1": 0,
            "2": 0,
            "3": 51,
            "4": 0,
            "5": 0,
            "6": 0,
            "7": 0,
            "8": 0,
            "9": 0,
            "10": 0,
            "11": 0,
            "12": 0,
            "13": 0,
            "14": 0,
            "15": 0,
            "16": 0,
            "17": 0
        },
        "fnMap": {
            "1": {
                "name": "checkTokenSupported",
                "line": 17,
                "loc": {"start": {"line": 17, "column": 4}, "end": {"line": 20, "column": 4}}
            },
            "2": {
                "name": "onlyAssetManager",
                "line": 22,
                "loc": {"start": {"line": 22, "column": 4}, "end": {"line": 25, "column": 4}}
            },
            "3": {
                "name": "__PureTokenAdapter_init",
                "line": 27,
                "loc": {"start": {"line": 27, "column": 4}, "end": {"line": 30, "column": 4}}
            },
            "4": {
                "name": "setAssetManager",
                "line": 32,
                "loc": {"start": {"line": 32, "column": 4}, "end": {"line": 34, "column": 4}}
            },
            "5": {
                "name": "setFloor",
                "line": 36,
                "loc": {"start": {"line": 36, "column": 4}, "end": {"line": 38, "column": 4}}
            },
            "6": {
                "name": "setCeiling",
                "line": 40,
                "loc": {"start": {"line": 40, "column": 4}, "end": {"line": 42, "column": 4}}
            },
            "7": {
                "name": "getRate",
                "line": 44,
                "loc": {"start": {"line": 44, "column": 4}, "end": {"line": 46, "column": 4}}
            },
            "8": {
                "name": "deposit",
                "line": 49,
                "loc": {"start": {"line": 49, "column": 4}, "end": {"line": 51, "column": 4}}
            },
            "9": {
                "name": "withdraw",
                "line": 57,
                "loc": {"start": {"line": 53, "column": 4}, "end": {"line": 60, "column": 4}}
            },
            "10": {
                "name": "withdrawAll",
                "line": 66,
                "loc": {"start": {"line": 62, "column": 4}, "end": {"line": 70, "column": 4}}
            },
            "11": {
                "name": "claimTokens",
                "line": 72,
                "loc": {"start": {"line": 72, "column": 4}, "end": {"line": 74, "column": 4}}
            },
            "12": {
                "name": "getSupply",
                "line": 76,
                "loc": {"start": {"line": 76, "column": 4}, "end": {"line": 79, "column": 4}}
            },
            "13": {
                "name": "getSupplyView",
                "line": 81,
                "loc": {"start": {"line": 81, "column": 4}, "end": {"line": 84, "column": 4}}
            },
            "14": {
                "name": "supportsToken",
                "line": 86,
                "loc": {"start": {"line": 86, "column": 4}, "end": {"line": 88, "column": 4}}
            },
            "15": {
                "name": "claimRewards",
                "line": 90,
                "loc": {"start": {"line": 90, "column": 4}, "end": {"line": 90, "column": 77}}
            },
            "16": {
                "name": "_supportsToken",
                "line": 92,
                "loc": {"start": {"line": 92, "column": 4}, "end": {"line": 94, "column": 4}}
            },
            "17": {
                "name": "_claimTokens",
                "line": 96,
                "loc": {"start": {"line": 96, "column": 4}, "end": {"line": 100, "column": 4}}
            }
        },
        "statementMap": {
            "1": {"start": {"line": 18, "column": 8}, "end": {"line": 18, "column": 85}},
            "2": {"start": {"line": 23, "column": 8}, "end": {"line": 23, "column": 91}},
            "3": {"start": {"line": 28, "column": 8}, "end": {"line": 28, "column": 47}},
            "4": {"start": {"line": 29, "column": 8}, "end": {"line": 29, "column": 35}},
            "5": {"start": {"line": 33, "column": 8}, "end": {"line": 33, "column": 35}},
            "6": {"start": {"line": 37, "column": 8}, "end": {"line": 37, "column": 37}},
            "7": {"start": {"line": 41, "column": 8}, "end": {"line": 41, "column": 41}},
            "8": {"start": {"line": 45, "column": 8}, "end": {"line": 45, "column": 16}},
            "9": {"start": {"line": 58, "column": 8}, "end": {"line": 58, "column": 65}},
            "10": {"start": {"line": 59, "column": 8}, "end": {"line": 59, "column": 49}},
            "11": {"start": {"line": 68, "column": 8}, "end": {"line": 68, "column": 65}},
            "12": {"start": {"line": 69, "column": 8}, "end": {"line": 69, "column": 68}},
            "13": {"start": {"line": 73, "column": 8}, "end": {"line": 73, "column": 44}},
            "14": {"start": {"line": 77, "column": 8}, "end": {"line": 77, "column": 65}},
            "15": {"start": {"line": 78, "column": 8}, "end": {"line": 78, "column": 45}},
            "16": {"start": {"line": 82, "column": 8}, "end": {"line": 82, "column": 65}},
            "17": {"start": {"line": 83, "column": 8}, "end": {"line": 83, "column": 45}},
            "18": {"start": {"line": 87, "column": 8}, "end": {"line": 87, "column": 43}},
            "19": {"start": {"line": 93, "column": 8}, "end": {"line": 93, "column": 106}},
            "20": {"start": {"line": 97, "column": 8}, "end": {"line": 97, "column": 65}},
            "21": {"start": {"line": 98, "column": 8}, "end": {"line": 98, "column": 56}},
            "22": {"start": {"line": 99, "column": 8}, "end": {"line": 99, "column": 45}}
        },
        "branchMap": {
            "1": {
                "line": 18,
                "type": "if",
                "locations": [
                    {"start": {"line": 18, "column": 8}, "end": {"line": 18, "column": 8}},
                    {"start": {"line": 18, "column": 8}, "end": {"line": 18, "column": 8}}
                ]
            },
            "2": {
                "line": 23,
                "type": "if",
                "locations": [
                    {"start": {"line": 23, "column": 8}, "end": {"line": 23, "column": 8}},
                    {"start": {"line": 23, "column": 8}, "end": {"line": 23, "column": 8}}
                ]
            }
        }
    },
    "contracts/Controller.sol": {
        "l": {
            "35": 1902,
            "36": 1877,
            "43": 0,
            "44": 0,
            "48": 1848,
            "49": 1848,
            "53": 0,
            "54": 0,
            "59": 306,
            "60": 306,
            "61": 306,
            "62": 306,
            "63": 306,
            "64": 306,
            "74": 2,
            "82": 0,
            "83": 0,
            "85": 0,
            "86": 0,
            "94": 0,
            "101": 0,
            "102": 0,
            "109": 0,
            "116": 0,
            "117": 0,
            "124": 0,
            "125": 0
        },
        "path": "/Users/lenny/Workspace/union/union-contracts-1.5/contracts/Controller.sol",
        "s": {
            "1": 1902,
            "2": 0,
            "3": 1848,
            "4": 0,
            "5": 306,
            "6": 306,
            "7": 306,
            "8": 306,
            "9": 306,
            "10": 306,
            "11": 2,
            "12": 0,
            "13": 0,
            "14": 0,
            "15": 0,
            "16": 0,
            "17": 0,
            "18": 0,
            "19": 0,
            "20": 0,
            "21": 0,
            "22": 0
        },
        "b": {"1": [1877, 25], "2": [0, 0], "3": [1848, 0], "4": [0, 0], "5": [306, 0], "6": [0, 0], "7": [0, 0]},
        "f": {
            "1": 1902,
            "2": 0,
            "3": 1848,
            "4": 0,
            "5": 306,
            "6": 0,
            "7": 2,
            "8": 0,
            "9": 0,
            "10": 0,
            "11": 0,
            "12": 0,
            "13": 0
        },
        "fnMap": {
            "1": {
                "name": "whenNotPaused",
                "line": 34,
                "loc": {"start": {"line": 34, "column": 4}, "end": {"line": 37, "column": 4}}
            },
            "2": {
                "name": "whenPaused",
                "line": 42,
                "loc": {"start": {"line": 42, "column": 4}, "end": {"line": 45, "column": 4}}
            },
            "3": {
                "name": "onlyAdmin",
                "line": 47,
                "loc": {"start": {"line": 47, "column": 4}, "end": {"line": 50, "column": 4}}
            },
            "4": {
                "name": "onlyGuardian",
                "line": 52,
                "loc": {"start": {"line": 52, "column": 4}, "end": {"line": 55, "column": 4}}
            },
            "5": {
                "name": "__Controller_init",
                "line": 58,
                "loc": {"start": {"line": 58, "column": 4}, "end": {"line": 65, "column": 4}}
            },
            "6": {
                "name": "_authorizeUpgrade",
                "line": 67,
                "loc": {"start": {"line": 67, "column": 4}, "end": {"line": 67, "column": 74}}
            },
            "7": {
                "name": "isAdmin",
                "line": 73,
                "loc": {"start": {"line": 73, "column": 4}, "end": {"line": 75, "column": 4}}
            },
            "8": {
                "name": "addAdmin",
                "line": 81,
                "loc": {"start": {"line": 81, "column": 4}, "end": {"line": 87, "column": 4}}
            },
            "9": {
                "name": "setGuardian",
                "line": 93,
                "loc": {"start": {"line": 93, "column": 4}, "end": {"line": 95, "column": 4}}
            },
            "10": {
                "name": "renounceAdmin",
                "line": 100,
                "loc": {"start": {"line": 100, "column": 4}, "end": {"line": 103, "column": 4}}
            },
            "11": {
                "name": "paused",
                "line": 108,
                "loc": {"start": {"line": 108, "column": 4}, "end": {"line": 110, "column": 4}}
            },
            "12": {
                "name": "pause",
                "line": 115,
                "loc": {"start": {"line": 115, "column": 4}, "end": {"line": 118, "column": 4}}
            },
            "13": {
                "name": "unpause",
                "line": 123,
                "loc": {"start": {"line": 123, "column": 4}, "end": {"line": 126, "column": 4}}
            }
        },
        "statementMap": {
            "1": {"start": {"line": 35, "column": 8}, "end": {"line": 35, "column": 46}},
            "2": {"start": {"line": 43, "column": 8}, "end": {"line": 43, "column": 49}},
            "3": {"start": {"line": 48, "column": 8}, "end": {"line": 48, "column": 72}},
            "4": {"start": {"line": 53, "column": 8}, "end": {"line": 53, "column": 97}},
            "5": {"start": {"line": 59, "column": 8}, "end": {"line": 59, "column": 64}},
            "6": {"start": {"line": 60, "column": 8}, "end": {"line": 60, "column": 22}},
            "7": {"start": {"line": 61, "column": 8}, "end": {"line": 61, "column": 31}},
            "8": {"start": {"line": 62, "column": 8}, "end": {"line": 62, "column": 31}},
            "9": {"start": {"line": 63, "column": 8}, "end": {"line": 63, "column": 37}},
            "10": {"start": {"line": 64, "column": 8}, "end": {"line": 64, "column": 29}},
            "11": {"start": {"line": 74, "column": 8}, "end": {"line": 74, "column": 43}},
            "12": {"start": {"line": 82, "column": 8}, "end": {"line": 82, "column": 65}},
            "13": {"start": {"line": 83, "column": 8}, "end": {"line": 83, "column": 83}},
            "14": {"start": {"line": 85, "column": 8}, "end": {"line": 85, "column": 33}},
            "15": {"start": {"line": 86, "column": 8}, "end": {"line": 86, "column": 38}},
            "16": {"start": {"line": 94, "column": 8}, "end": {"line": 94, "column": 30}},
            "17": {"start": {"line": 101, "column": 8}, "end": {"line": 101, "column": 43}},
            "18": {"start": {"line": 109, "column": 8}, "end": {"line": 109, "column": 22}},
            "19": {"start": {"line": 116, "column": 8}, "end": {"line": 116, "column": 21}},
            "20": {"start": {"line": 117, "column": 8}, "end": {"line": 117, "column": 31}},
            "21": {"start": {"line": 124, "column": 8}, "end": {"line": 124, "column": 22}},
            "22": {"start": {"line": 125, "column": 8}, "end": {"line": 125, "column": 33}}
        },
        "branchMap": {
            "1": {
                "line": 35,
                "type": "if",
                "locations": [
                    {"start": {"line": 35, "column": 8}, "end": {"line": 35, "column": 8}},
                    {"start": {"line": 35, "column": 8}, "end": {"line": 35, "column": 8}}
                ]
            },
            "2": {
                "line": 43,
                "type": "if",
                "locations": [
                    {"start": {"line": 43, "column": 8}, "end": {"line": 43, "column": 8}},
                    {"start": {"line": 43, "column": 8}, "end": {"line": 43, "column": 8}}
                ]
            },
            "3": {
                "line": 48,
                "type": "if",
                "locations": [
                    {"start": {"line": 48, "column": 8}, "end": {"line": 48, "column": 8}},
                    {"start": {"line": 48, "column": 8}, "end": {"line": 48, "column": 8}}
                ]
            },
            "4": {
                "line": 53,
                "type": "if",
                "locations": [
                    {"start": {"line": 53, "column": 8}, "end": {"line": 53, "column": 8}},
                    {"start": {"line": 53, "column": 8}, "end": {"line": 53, "column": 8}}
                ]
            },
            "5": {
                "line": 59,
                "type": "if",
                "locations": [
                    {"start": {"line": 59, "column": 8}, "end": {"line": 59, "column": 8}},
                    {"start": {"line": 59, "column": 8}, "end": {"line": 59, "column": 8}}
                ]
            },
            "6": {
                "line": 82,
                "type": "if",
                "locations": [
                    {"start": {"line": 82, "column": 8}, "end": {"line": 82, "column": 8}},
                    {"start": {"line": 82, "column": 8}, "end": {"line": 82, "column": 8}}
                ]
            },
            "7": {
                "line": 83,
                "type": "if",
                "locations": [
                    {"start": {"line": 83, "column": 8}, "end": {"line": 83, "column": 8}},
                    {"start": {"line": 83, "column": 8}, "end": {"line": 83, "column": 8}}
                ]
            }
        }
    },
    "contracts/interfaces/IAssetManager.sol": {
        "l": {},
        "path": "/Users/lenny/Workspace/union/union-contracts-1.5/contracts/interfaces/IAssetManager.sol",
        "s": {},
        "b": {},
        "f": {},
        "fnMap": {},
        "statementMap": {},
        "branchMap": {}
    },
    "contracts/interfaces/IComptroller.sol": {
        "l": {},
        "path": "/Users/lenny/Workspace/union/union-contracts-1.5/contracts/interfaces/IComptroller.sol",
        "s": {},
        "b": {},
        "f": {},
        "fnMap": {},
        "statementMap": {},
        "branchMap": {}
    },
    "contracts/interfaces/ICreditLimitModel.sol": {
        "l": {},
        "path": "/Users/lenny/Workspace/union/union-contracts-1.5/contracts/interfaces/ICreditLimitModel.sol",
        "s": {},
        "b": {},
        "f": {},
        "fnMap": {},
        "statementMap": {},
        "branchMap": {}
    },
    "contracts/interfaces/ICustomGateway.sol": {
        "l": {},
        "path": "/Users/lenny/Workspace/union/union-contracts-1.5/contracts/interfaces/ICustomGateway.sol",
        "s": {},
        "b": {},
        "f": {},
        "fnMap": {},
        "statementMap": {},
        "branchMap": {}
    },
    "contracts/interfaces/IDai.sol": {
        "l": {},
        "path": "/Users/lenny/Workspace/union/union-contracts-1.5/contracts/interfaces/IDai.sol",
        "s": {},
        "b": {},
        "f": {},
        "fnMap": {},
        "statementMap": {},
        "branchMap": {}
    },
    "contracts/interfaces/IGatewayRouter.sol": {
        "l": {},
        "path": "/Users/lenny/Workspace/union/union-contracts-1.5/contracts/interfaces/IGatewayRouter.sol",
        "s": {},
        "b": {},
        "f": {},
        "fnMap": {},
        "statementMap": {},
        "branchMap": {}
    },
    "contracts/interfaces/IInterestRateModel.sol": {
        "l": {},
        "path": "/Users/lenny/Workspace/union/union-contracts-1.5/contracts/interfaces/IInterestRateModel.sol",
        "s": {},
        "b": {},
        "f": {},
        "fnMap": {},
        "statementMap": {},
        "branchMap": {}
    },
    "contracts/interfaces/IMarketRegistry.sol": {
        "l": {},
        "path": "/Users/lenny/Workspace/union/union-contracts-1.5/contracts/interfaces/IMarketRegistry.sol",
        "s": {},
        "b": {},
        "f": {},
        "fnMap": {},
        "statementMap": {},
        "branchMap": {}
    },
    "contracts/interfaces/IMoneyMarketAdapter.sol": {
        "l": {},
        "path": "/Users/lenny/Workspace/union/union-contracts-1.5/contracts/interfaces/IMoneyMarketAdapter.sol",
        "s": {},
        "b": {},
        "f": {},
        "fnMap": {},
        "statementMap": {},
        "branchMap": {}
    },
    "contracts/interfaces/IUnionToken.sol": {
        "l": {},
        "path": "/Users/lenny/Workspace/union/union-contracts-1.5/contracts/interfaces/IUnionToken.sol",
        "s": {},
        "b": {},
        "f": {},
        "fnMap": {},
        "statementMap": {},
        "branchMap": {}
    },
    "contracts/interfaces/IUserManager.sol": {
        "l": {},
        "path": "/Users/lenny/Workspace/union/union-contracts-1.5/contracts/interfaces/IUserManager.sol",
        "s": {},
        "b": {},
        "f": {},
        "fnMap": {},
        "statementMap": {},
        "branchMap": {}
    },
    "contracts/interfaces/IUToken.sol": {
        "l": {},
        "path": "/Users/lenny/Workspace/union/union-contracts-1.5/contracts/interfaces/IUToken.sol",
        "s": {},
        "b": {},
        "f": {},
        "fnMap": {},
        "statementMap": {},
        "branchMap": {}
    },
    "contracts/market/FixedInterestRateModel.sol": {
        "l": {"21": 51, "23": 51, "27": 336, "31": 0, "32": 0, "33": 0, "37": 0, "38": 0, "39": 0},
        "path": "/Users/lenny/Workspace/union/union-contracts-1.5/contracts/market/FixedInterestRateModel.sol",
        "s": {"1": 51, "2": 51, "3": 336, "4": 0, "5": 0, "6": 0, "7": 0, "8": 0, "9": 0},
        "b": {"1": [0, 0], "2": [0, 0]},
        "f": {"1": 51, "2": 336, "3": 0, "4": 0},
        "fnMap": {
            "1": {
                "name": "constructor",
                "line": 20,
                "loc": {"start": {"line": 20, "column": 4}, "end": {"line": 24, "column": 4}}
            },
            "2": {
                "name": "getBorrowRate",
                "line": 26,
                "loc": {"start": {"line": 26, "column": 4}, "end": {"line": 28, "column": 4}}
            },
            "3": {
                "name": "getSupplyRate",
                "line": 30,
                "loc": {"start": {"line": 30, "column": 4}, "end": {"line": 34, "column": 4}}
            },
            "4": {
                "name": "setInterestRate",
                "line": 36,
                "loc": {"start": {"line": 36, "column": 4}, "end": {"line": 40, "column": 4}}
            }
        },
        "statementMap": {
            "1": {"start": {"line": 21, "column": 8}, "end": {"line": 21, "column": 51}},
            "2": {"start": {"line": 23, "column": 8}, "end": {"line": 23, "column": 56}},
            "3": {"start": {"line": 27, "column": 8}, "end": {"line": 27, "column": 35}},
            "4": {"start": {"line": 31, "column": 8}, "end": {"line": 31, "column": 76}},
            "5": {"start": {"line": 32, "column": 8}, "end": {"line": 32, "column": 61}},
            "6": {"start": {"line": 33, "column": 8}, "end": {"line": 33, "column": 52}},
            "7": {"start": {"line": 37, "column": 8}, "end": {"line": 37, "column": 97}},
            "8": {"start": {"line": 38, "column": 8}, "end": {"line": 38, "column": 51}},
            "9": {"start": {"line": 39, "column": 8}, "end": {"line": 39, "column": 56}}
        },
        "branchMap": {
            "1": {
                "line": 31,
                "type": "if",
                "locations": [
                    {"start": {"line": 31, "column": 8}, "end": {"line": 31, "column": 8}},
                    {"start": {"line": 31, "column": 8}, "end": {"line": 31, "column": 8}}
                ]
            },
            "2": {
                "line": 37,
                "type": "if",
                "locations": [
                    {"start": {"line": 37, "column": 8}, "end": {"line": 37, "column": 8}},
                    {"start": {"line": 37, "column": 8}, "end": {"line": 37, "column": 8}}
                ]
            }
        }
    },
    "contracts/market/MarketRegistry.sol": {
        "l": {
            "29": 204,
            "30": 204,
            "34": 204,
            "35": 204,
            "42": 51,
            "50": 0,
            "54": 0,
            "58": 204,
            "59": 204,
            "60": 204,
            "61": 204,
            "65": 204,
            "69": 204,
            "70": 204,
            "71": 204,
            "75": 0,
            "76": 0,
            "77": 0,
            "78": 0
        },
        "path": "/Users/lenny/Workspace/union/union-contracts-1.5/contracts/market/MarketRegistry.sol",
        "s": {
            "1": 204,
            "2": 204,
            "3": 51,
            "4": 0,
            "5": 0,
            "6": 204,
            "7": 204,
            "8": 204,
            "9": 204,
            "10": 204,
            "11": 204,
            "12": 204,
            "13": 204,
            "14": 0,
            "15": 0
        },
        "b": {"1": [204, 0], "2": [204, 0], "3": [204, 0], "4": [204, 0]},
        "f": {"1": 204, "2": 204, "3": 51, "4": 0, "5": 0, "6": 204, "7": 204, "8": 0},
        "fnMap": {
            "1": {
                "name": "newToken",
                "line": 28,
                "loc": {"start": {"line": 28, "column": 4}, "end": {"line": 31, "column": 4}}
            },
            "2": {
                "name": "newUserManager",
                "line": 33,
                "loc": {"start": {"line": 33, "column": 4}, "end": {"line": 36, "column": 4}}
            },
            "3": {
                "name": "__MarketRegistry_init",
                "line": 41,
                "loc": {"start": {"line": 41, "column": 4}, "end": {"line": 43, "column": 4}}
            },
            "4": {
                "name": "getUTokens",
                "line": 49,
                "loc": {"start": {"line": 49, "column": 4}, "end": {"line": 51, "column": 4}}
            },
            "5": {
                "name": "getUserManagers",
                "line": 53,
                "loc": {"start": {"line": 53, "column": 4}, "end": {"line": 55, "column": 4}}
            },
            "6": {
                "name": "addUToken",
                "line": 57,
                "loc": {"start": {"line": 57, "column": 4}, "end": {"line": 62, "column": 4}}
            },
            "7": {
                "name": "addUserManager",
                "line": 64,
                "loc": {"start": {"line": 64, "column": 4}, "end": {"line": 72, "column": 4}}
            },
            "8": {
                "name": "deleteMarket",
                "line": 74,
                "loc": {"start": {"line": 74, "column": 4}, "end": {"line": 79, "column": 4}}
            }
        },
        "statementMap": {
            "1": {"start": {"line": 29, "column": 8}, "end": {"line": 29, "column": 99}},
            "2": {"start": {"line": 34, "column": 8}, "end": {"line": 34, "column": 109}},
            "3": {"start": {"line": 42, "column": 8}, "end": {"line": 42, "column": 47}},
            "4": {"start": {"line": 50, "column": 8}, "end": {"line": 50, "column": 34}},
            "5": {"start": {"line": 54, "column": 8}, "end": {"line": 54, "column": 39}},
            "6": {"start": {"line": 58, "column": 8}, "end": {"line": 58, "column": 111}},
            "7": {"start": {"line": 59, "column": 8}, "end": {"line": 59, "column": 29}},
            "8": {"start": {"line": 60, "column": 8}, "end": {"line": 60, "column": 36}},
            "9": {"start": {"line": 61, "column": 8}, "end": {"line": 61, "column": 40}},
            "10": {"start": {"line": 65, "column": 8}, "end": {"line": 65, "column": 2040}},
            "11": {"start": {"line": 69, "column": 8}, "end": {"line": 69, "column": 39}},
            "12": {"start": {"line": 70, "column": 8}, "end": {"line": 70, "column": 46}},
            "13": {"start": {"line": 71, "column": 8}, "end": {"line": 71, "column": 50}},
            "14": {"start": {"line": 75, "column": 8}, "end": {"line": 75, "column": 46}},
            "15": {"start": {"line": 76, "column": 8}, "end": {"line": 76, "column": 56}}
        },
        "branchMap": {
            "1": {
                "line": 29,
                "type": "if",
                "locations": [
                    {"start": {"line": 29, "column": 8}, "end": {"line": 29, "column": 8}},
                    {"start": {"line": 29, "column": 8}, "end": {"line": 29, "column": 8}}
                ]
            },
            "2": {
                "line": 34,
                "type": "if",
                "locations": [
                    {"start": {"line": 34, "column": 8}, "end": {"line": 34, "column": 8}},
                    {"start": {"line": 34, "column": 8}, "end": {"line": 34, "column": 8}}
                ]
            },
            "3": {
                "line": 58,
                "type": "if",
                "locations": [
                    {"start": {"line": 58, "column": 8}, "end": {"line": 58, "column": 8}},
                    {"start": {"line": 58, "column": 8}, "end": {"line": 58, "column": 8}}
                ]
            },
            "4": {
                "line": 65,
                "type": "if",
                "locations": [
                    {"start": {"line": 65, "column": 8}, "end": {"line": 65, "column": 8}},
                    {"start": {"line": 65, "column": 8}, "end": {"line": 65, "column": 8}}
                ]
            }
        }
    },
    "contracts/market/UDai.sol": {
        "l": {"17": 0, "18": 0, "20": 0},
        "path": "/Users/lenny/Workspace/union/union-contracts-1.5/contracts/market/UDai.sol",
        "s": {"1": 0, "2": 0, "3": 0},
        "b": {},
        "f": {"1": 0},
        "fnMap": {
            "1": {
                "name": "repayBorrowWithPermit",
                "line": 16,
                "loc": {"start": {"line": 8, "column": 4}, "end": {"line": 21, "column": 4}}
            }
        },
        "statementMap": {
            "1": {"start": {"line": 17, "column": 8}, "end": {"line": 17, "column": 42}},
            "2": {"start": {"line": 18, "column": 8}, "end": {"line": 18, "column": 81}},
            "3": {"start": {"line": 20, "column": 8}, "end": {"line": 20, "column": 54}}
        },
        "branchMap": {}
    },
    "contracts/market/UToken.sol": {
        "l": {
            "221": 114,
            "222": 114,
            "226": 0,
            "227": 0,
            "247": 51,
            "248": 51,
            "249": 51,
            "250": 51,
            "251": 51,
            "252": 51,
            "253": 51,
            "254": 51,
            "255": 51,
            "256": 51,
            "257": 51,
            "258": 51,
            "259": 51,
            "260": 51,
            "261": 51,
            "262": 51,
            "263": 51,
            "275": 204,
            "276": 204,
            "284": 204,
            "285": 204,
            "294": 0,
            "303": 0,
            "312": 0,
            "321": 0,
            "330": 48,
            "339": 204,
            "340": 204,
            "341": 204,
            "342": 204,
            "343": 204,
            "345": 204,
            "353": 0,
            "354": 0,
            "366": 114,
            "375": 129,
            "384": 115,
            "385": 15,
            "386": 15,
            "387": 15,
            "397": 115,
            "406": 426,
            "415": 0,
            "424": 116,
            "433": 152,
            "438": 152,
            "439": 100,
            "442": 52,
            "443": 52,
            "451": 336,
            "452": 336,
            "454": 336,
            "462": 0,
            "471": 26,
            "472": 26,
            "481": 156,
            "483": 156,
            "484": 101,
            "487": 55,
            "488": 55,
            "489": 55,
            "490": 55,
            "491": 55,
            "493": 55,
            "494": 55,
            "496": 55,
            "504": 0,
            "505": 0,
            "515": 0,
            "529": 114,
            "530": 114,
            "531": 114,
            "533": 114,
            "534": 114,
            "535": 114,
            "536": 113,
            "537": 112,
            "539": 112,
            "542": 112,
            "543": 99,
            "546": 112,
            "547": 112,
            "549": 112,
            "550": 112,
            "551": 112,
            "552": 112,
            "553": 112,
            "556": 112,
            "558": 112,
            "560": 112,
            "562": 95,
            "569": 40,
            "576": 0,
            "592": 40,
            "594": 40,
            "595": 40,
            "596": 40,
            "597": 40,
            "599": 39,
            "600": 39,
            "601": 39,
            "602": 26,
            "603": 26,
            "604": 26,
            "605": 26,
            "607": 26,
            "609": 26,
            "611": 0,
            "614": 26,
            "616": 13,
            "617": 13,
            "618": 13,
            "621": 39,
            "622": 39,
            "624": 39,
            "625": 39,
            "627": 39,
            "629": 39,
            "631": 25,
            "639": 281,
            "640": 281,
            "641": 281,
            "643": 281,
            "644": 281,
            "645": 281,
            "646": 281,
            "648": 281,
            "649": 281,
            "650": 281,
            "652": 280,
            "656": 0,
            "657": 0,
            "659": 0,
            "660": 0,
            "672": 13,
            "673": 13,
            "674": 13,
            "675": 13,
            "676": 13,
            "677": 13,
            "678": 13,
            "679": 13,
            "680": 13,
            "681": 13,
            "683": 13,
            "685": 8,
            "694": 13,
            "695": 13,
            "704": 0,
            "705": 0,
            "720": 13,
            "722": 13,
            "724": 13,
            "726": 13,
            "727": 13,
            "729": 13,
            "735": 13,
            "736": 13,
            "743": 0,
            "744": 0,
            "747": 13,
            "748": 13,
            "749": 13,
            "751": 10,
            "763": 91,
            "764": 91,
            "765": 91,
            "766": 91,
            "767": 91,
            "768": 91,
            "770": 91,
            "772": 91,
            "774": 68,
            "789": 0,
            "791": 0,
            "793": 0,
            "795": 0,
            "807": 501,
            "814": 143,
            "815": 143,
            "816": 143,
            "817": 141
        },
        "path": "/Users/lenny/Workspace/union/union-contracts-1.5/contracts/market/UToken.sol",
        "s": {
            "1": 114,
            "2": 0,
            "3": 51,
            "4": 51,
            "5": 51,
            "6": 51,
            "7": 51,
            "8": 51,
            "9": 51,
            "10": 51,
            "11": 51,
            "12": 51,
            "13": 51,
            "14": 51,
            "15": 51,
            "16": 51,
            "17": 51,
            "18": 51,
            "19": 51,
            "20": 204,
            "21": 204,
            "22": 204,
            "23": 204,
            "24": 0,
            "25": 0,
            "26": 0,
            "27": 0,
            "28": 48,
            "29": 204,
            "30": 204,
            "31": 204,
            "32": 204,
            "33": 204,
            "34": 204,
            "35": 0,
            "36": 0,
            "37": 114,
            "38": 129,
            "39": 115,
            "40": 15,
            "41": 15,
            "42": 15,
            "43": 115,
            "44": 426,
            "45": 0,
            "46": 116,
            "47": 152,
            "48": 152,
            "49": 100,
            "50": 52,
            "51": 52,
            "52": 336,
            "53": 336,
            "54": 336,
            "55": 0,
            "56": 26,
            "57": 26,
            "58": 156,
            "59": 156,
            "60": 101,
            "61": 55,
            "62": 55,
            "63": 55,
            "64": 55,
            "65": 55,
            "66": 55,
            "67": 55,
            "68": 55,
            "69": 0,
            "70": 0,
            "71": 0,
            "72": 114,
            "73": 114,
            "74": 114,
            "75": 114,
            "76": 114,
            "77": 114,
            "78": 113,
            "79": 112,
            "80": 112,
            "81": 112,
            "82": 99,
            "83": 112,
            "84": 112,
            "85": 112,
            "86": 112,
            "87": 112,
            "88": 112,
            "89": 112,
            "90": 112,
            "91": 112,
            "92": 112,
            "93": 95,
            "94": 40,
            "95": 0,
            "96": 40,
            "97": 40,
[...]
            "93": {"start": {"line": 591, "column": 8}, "end": {"line": 591, "column": 20142}},
            "94": {"start": {"line": 592, "column": 12}, "end": {"line": 592, "column": 55}},
            "95": {"start": {"line": 593, "column": 12}, "end": {"line": 593, "column": 56}},
            "96": {"start": {"line": 594, "column": 12}, "end": {"line": 594, "column": 48}},
            "97": {"start": {"line": 595, "column": 12}, "end": {"line": 595, "column": 46}},
            "98": {"start": {"line": 598, "column": 8}, "end": {"line": 598, "column": 61}},
            "99": {"start": {"line": 600, "column": 8}, "end": {"line": 600, "column": 41}},
            "100": {"start": {"line": 601, "column": 8}, "end": {"line": 601, "column": 65}},
            "101": {"start": {"line": 603, "column": 8}, "end": {"line": 603, "column": 53}},
            "102": {"start": {"line": 612, "column": 8}, "end": {"line": 612, "column": 70}},
            "103": {"start": {"line": 614, "column": 8}, "end": {"line": 614, "column": 60}},
            "104": {"start": {"line": 616, "column": 8}, "end": {"line": 616, "column": 51}},
            "105": {"start": {"line": 618, "column": 8}, "end": {"line": 618, "column": 85}},
            "106": {"start": {"line": 620, "column": 8}, "end": {"line": 620, "column": 36}},
            "107": {"start": {"line": 621, "column": 8}, "end": {"line": 621, "column": 28}},
            "108": {"start": {"line": 623, "column": 8}, "end": {"line": 623, "column": 69}},
            "109": {"start": {"line": 624, "column": 8}, "end": {"line": 624, "column": 46}},
            "110": {"start": {"line": 625, "column": 8}, "end": {"line": 625, "column": 51}},
            "111": {"start": {"line": 627, "column": 8}, "end": {"line": 627, "column": 106}},
            "112": {"start": {"line": 628, "column": 8}, "end": {"line": 628, "column": 41}},
            "113": {"start": {"line": 637, "column": 8}, "end": {"line": 637, "column": 51}},
            "114": {"start": {"line": 638, "column": 8}, "end": {"line": 638, "column": 86}},
            "115": {"start": {"line": 640, "column": 8}, "end": {"line": 640, "column": 60}},
            "116": {"start": {"line": 642, "column": 8}, "end": {"line": 642, "column": 36}},
            "117": {"start": {"line": 643, "column": 8}, "end": {"line": 643, "column": 28}},
            "118": {"start": {"line": 645, "column": 8}, "end": {"line": 645, "column": 22064}},
            "119": {"start": {"line": 649, "column": 8}, "end": {"line": 649, "column": 43}},
            "120": {"start": {"line": 656, "column": 8}, "end": {"line": 656, "column": 60}},
            "121": {"start": {"line": 670, "column": 8}, "end": {"line": 670, "column": 44}},
            "122": {"start": {"line": 671, "column": 8}, "end": {"line": 671, "column": 65}},
            "123": {"start": {"line": 672, "column": 8}, "end": {"line": 672, "column": 54}},
            "124": {"start": {"line": 673, "column": 8}, "end": {"line": 673, "column": 57}},
            "125": {"start": {"line": 674, "column": 8}, "end": {"line": 674, "column": 22996}},
            "126": {"start": {"line": 675, "column": 12}, "end": {"line": 675, "column": 57}},
            "127": {"start": {"line": 678, "column": 8}, "end": {"line": 678, "column": 61}},
            "128": {"start": {"line": 679, "column": 8}, "end": {"line": 679, "column": 50}},
            "129": {"start": {"line": 680, "column": 8}, "end": {"line": 680, "column": 59}},
            "130": {"start": {"line": 682, "column": 8}, "end": {"line": 682, "column": 57}},
            "131": {"start": {"line": 685, "column": 8}, "end": {"line": 685, "column": 45}},
            "132": {"start": {"line": 686, "column": 8}, "end": {"line": 686, "column": 28}},
            "133": {"start": {"line": 689, "column": 8}, "end": {"line": 689, "column": 47}},
            "134": {"start": {"line": 690, "column": 8}, "end": {"line": 690, "column": 29}},
            "135": {"start": {"line": 691, "column": 8}, "end": {"line": 691, "column": 23611}},
            "136": {"start": {"line": 692, "column": 12}, "end": {"line": 692, "column": 40}},
            "137": {"start": {"line": 695, "column": 8}, "end": {"line": 695, "column": 78}},
            "138": {"start": {"line": 696, "column": 8}, "end": {"line": 696, "column": 53}},
            "139": {"start": {"line": 698, "column": 8}, "end": {"line": 698, "column": 67}},
            "140": {"start": {"line": 710, "column": 8}, "end": {"line": 710, "column": 33}},
            "141": {"start": {"line": 712, "column": 8}, "end": {"line": 712, "column": 24161}},
            "142": {"start": {"line": 713, "column": 12}, "end": {"line": 713, "column": 55}},
            "143": {"start": {"line": 714, "column": 12}, "end": {"line": 714, "column": 30}},
            "144": {"start": {"line": 716, "column": 12}, "end": {"line": 716, "column": 24325}},
            "145": {"start": {"line": 720, "column": 16}, "end": {"line": 720, "column": 66}},
            "146": {"start": {"line": 721, "column": 16}, "end": {"line": 721, "column": 78}},
            "147": {"start": {"line": 722, "column": 16}, "end": {"line": 722, "column": 73}},
            "148": {"start": {"line": 723, "column": 16}, "end": {"line": 723, "column": 85}},
            "149": {"start": {"line": 724, "column": 16}, "end": {"line": 724, "column": 45}},
            "150": {"start": {"line": 729, "column": 16}, "end": {"line": 729, "column": 56}},
            "151": {"start": {"line": 730, "column": 16}, "end": {"line": 730, "column": 72}},
            "152": {"start": {"line": 731, "column": 16}, "end": {"line": 731, "column": 42}},
            "153": {"start": {"line": 732, "column": 16}, "end": {"line": 732, "column": 55}},
            "154": {"start": {"line": 738, "column": 16}, "end": {"line": 738, "column": 44}},
            "155": {"start": {"line": 739, "column": 16}, "end": {"line": 739, "column": 41}},
            "156": {"start": {"line": 740, "column": 16}, "end": {"line": 740, "column": 52}},
            "157": {"start": {"line": 743, "column": 16}, "end": {"line": 743, "column": 58}},
            "158": {"start": {"line": 744, "column": 16}, "end": {"line": 744, "column": 42}},
            "159": {"start": {"line": 745, "column": 16}, "end": {"line": 745, "column": 55}},
            "160": {"start": {"line": 748, "column": 12}, "end": {"line": 748, "column": 35}},
            "161": {"start": {"line": 751, "column": 12}, "end": {"line": 751, "column": 37}},
            "162": {"start": {"line": 757, "column": 8}, "end": {"line": 757, "column": 51}},
            "163": {"start": {"line": 765, "column": 8}, "end": {"line": 765, "column": 27}},
            "164": {"start": {"line": 765, "column": 19}, "end": {"line": 765, "column": 27}},
            "165": {"start": {"line": 766, "column": 8}, "end": {"line": 766, "column": 16}}
        },
        "branchMap": {
            "1": {
                "line": 175,
                "type": "if",
                "locations": [
                    {"start": {"line": 175, "column": 8}, "end": {"line": 175, "column": 8}},
                    {"start": {"line": 175, "column": 8}, "end": {"line": 175, "column": 8}}
                ]
            },
            "2": {
                "line": 180,
                "type": "if",
                "locations": [
                    {"start": {"line": 180, "column": 8}, "end": {"line": 180, "column": 8}},
                    {"start": {"line": 180, "column": 8}, "end": {"line": 180, "column": 8}}
                ]
            },
            "3": {
                "line": 318,
                "type": "if",
                "locations": [
                    {"start": {"line": 318, "column": 8}, "end": {"line": 318, "column": 8}},
                    {"start": {"line": 318, "column": 8}, "end": {"line": 318, "column": 8}}
                ]
            },
            "4": {
                "line": 426,
                "type": "if",
                "locations": [
                    {"start": {"line": 426, "column": 12}, "end": {"line": 426, "column": 12}},
                    {"start": {"line": 426, "column": 12}, "end": {"line": 426, "column": 12}}
                ]
            },
            "5": {
                "line": 429,
                "type": "if",
                "locations": [
                    {"start": {"line": 429, "column": 16}, "end": {"line": 429, "column": 16}},
                    {"start": {"line": 429, "column": 16}, "end": {"line": 429, "column": 16}}
                ]
            },
            "6": {
                "line": 454,
                "type": "if",
                "locations": [
                    {"start": {"line": 454, "column": 8}, "end": {"line": 454, "column": 8}},
                    {"start": {"line": 454, "column": 8}, "end": {"line": 454, "column": 8}}
                ]
            },
            "7": {
                "line": 466,
                "type": "if",
                "locations": [
                    {"start": {"line": 466, "column": 8}, "end": {"line": 466, "column": 8}},
                    {"start": {"line": 466, "column": 8}, "end": {"line": 466, "column": 8}}
                ]
            },
            "8": {
                "line": 494,
                "type": "if",
                "locations": [
                    {"start": {"line": 494, "column": 8}, "end": {"line": 494, "column": 8}},
                    {"start": {"line": 494, "column": 8}, "end": {"line": 494, "column": 8}}
                ]
            },
            "9": {
                "line": 495,
                "type": "if",
                "locations": [
                    {"start": {"line": 495, "column": 8}, "end": {"line": 495, "column": 8}},
                    {"start": {"line": 495, "column": 8}, "end": {"line": 495, "column": 8}}
                ]
            },
            "10": {
                "line": 501,
                "type": "if",
                "locations": [
                    {"start": {"line": 501, "column": 8}, "end": {"line": 501, "column": 8}},
                    {"start": {"line": 501, "column": 8}, "end": {"line": 501, "column": 8}}
                ]
            },
            "11": {
                "line": 505,
                "type": "if",
                "locations": [
                    {"start": {"line": 505, "column": 12}, "end": {"line": 505, "column": 12}},
                    {"start": {"line": 505, "column": 12}, "end": {"line": 505, "column": 12}}
                ]
            },
            "12": {
                "line": 536,
                "type": "if",
                "locations": [
                    {"start": {"line": 536, "column": 8}, "end": {"line": 536, "column": 8}},
                    {"start": {"line": 536, "column": 8}, "end": {"line": 536, "column": 8}}
                ]
            },
            "13": {
                "line": 539,
                "type": "if",
                "locations": [
                    {"start": {"line": 539, "column": 8}, "end": {"line": 539, "column": 8}},
                    {"start": {"line": 539, "column": 8}, "end": {"line": 539, "column": 8}}
                ]
            },
            "14": {
                "line": 543,
                "type": "if",
                "locations": [
                    {"start": {"line": 543, "column": 8}, "end": {"line": 543, "column": 8}},
                    {"start": {"line": 543, "column": 8}, "end": {"line": 543, "column": 8}}
                ]
            },
            "15": {
                "line": 587,
                "type": "if",
                "locations": [
                    {"start": {"line": 587, "column": 8}, "end": {"line": 587, "column": 8}},
                    {"start": {"line": 587, "column": 8}, "end": {"line": 587, "column": 8}}
                ]
            },
            "16": {
                "line": 594,
                "type": "if",
                "locations": [
                    {"start": {"line": 594, "column": 12}, "end": {"line": 594, "column": 12}},
                    {"start": {"line": 594, "column": 12}, "end": {"line": 594, "column": 12}}
                ]
            },
            "17": {
                "line": 595,
                "type": "if",
                "locations": [
                    {"start": {"line": 595, "column": 12}, "end": {"line": 595, "column": 12}},
                    {"start": {"line": 595, "column": 12}, "end": {"line": 595, "column": 12}}
                ]
            },
            "18": {
                "line": 598,
                "type": "if",
                "locations": [
                    {"start": {"line": 598, "column": 8}, "end": {"line": 598, "column": 8}},
                    {"start": {"line": 598, "column": 8}, "end": {"line": 598, "column": 8}}
                ]
            },
            "19": {
                "line": 618,
                "type": "if",
                "locations": [
                    {"start": {"line": 618, "column": 8}, "end": {"line": 618, "column": 8}},
                    {"start": {"line": 618, "column": 8}, "end": {"line": 618, "column": 8}}
                ]
            },
            "20": {
                "line": 627,
                "type": "if",
                "locations": [
                    {"start": {"line": 627, "column": 8}, "end": {"line": 627, "column": 8}},
                    {"start": {"line": 627, "column": 8}, "end": {"line": 627, "column": 8}}
                ]
            },
            "21": {
                "line": 638,
                "type": "if",
                "locations": [
                    {"start": {"line": 638, "column": 8}, "end": {"line": 638, "column": 8}},
                    {"start": {"line": 638, "column": 8}, "end": {"line": 638, "column": 8}}
                ]
            },
            "22": {
                "line": 645,
                "type": "if",
                "locations": [
                    {"start": {"line": 645, "column": 8}, "end": {"line": 645, "column": 8}},
                    {"start": {"line": 645, "column": 8}, "end": {"line": 645, "column": 8}}
                ]
            },
            "23": {
                "line": 670,
                "type": "if",
                "locations": [
                    {"start": {"line": 670, "column": 8}, "end": {"line": 670, "column": 8}},
                    {"start": {"line": 670, "column": 8}, "end": {"line": 670, "column": 8}}
                ]
            },
            "24": {
                "line": 671,
                "type": "if",
                "locations": [
                    {"start": {"line": 671, "column": 8}, "end": {"line": 671, "column": 8}},
                    {"start": {"line": 671, "column": 8}, "end": {"line": 671, "column": 8}}
                ]
            },
            "25": {
                "line": 674,
                "type": "if",
                "locations": [
                    {"start": {"line": 674, "column": 8}, "end": {"line": 674, "column": 8}},
                    {"start": {"line": 674, "column": 8}, "end": {"line": 674, "column": 8}}
                ]
            },
            "26": {
                "line": 675,
                "type": "if",
                "locations": [
                    {"start": {"line": 675, "column": 12}, "end": {"line": 675, "column": 12}},
                    {"start": {"line": 675, "column": 12}, "end": {"line": 675, "column": 12}}
                ]
            },
            "27": {
                "line": 679,
                "type": "if",
                "locations": [
                    {"start": {"line": 679, "column": 8}, "end": {"line": 679, "column": 8}},
                    {"start": {"line": 679, "column": 8}, "end": {"line": 679, "column": 8}}
                ]
            },
            "28": {
                "line": 682,
                "type": "if",
                "locations": [
                    {"start": {"line": 682, "column": 8}, "end": {"line": 682, "column": 8}},
                    {"start": {"line": 682, "column": 8}, "end": {"line": 682, "column": 8}}
                ]
            },
            "29": {
                "line": 691,
                "type": "if",
                "locations": [
                    {"start": {"line": 691, "column": 8}, "end": {"line": 691, "column": 8}},
                    {"start": {"line": 691, "column": 8}, "end": {"line": 691, "column": 8}}
                ]
            },
            "30": {
                "line": 716,
                "type": "if",
                "locations": [
                    {"start": {"line": 716, "column": 12}, "end": {"line": 716, "column": 12}},
                    {"start": {"line": 716, "column": 12}, "end": {"line": 716, "column": 12}}
                ]
            },
            "31": {
                "line": 724,
                "type": "if",
                "locations": [
                    {"start": {"line": 724, "column": 16}, "end": {"line": 724, "column": 16}},
                    {"start": {"line": 724, "column": 16}, "end": {"line": 724, "column": 16}}
                ]
            },
            "32": {
                "line": 739,
                "type": "if",
                "locations": [
                    {"start": {"line": 739, "column": 16}, "end": {"line": 739, "column": 16}},
                    {"start": {"line": 739, "column": 16}, "end": {"line": 739, "column": 16}}
                ]
            },
            "33": {
                "line": 751,
                "type": "if",
                "locations": [
                    {"start": {"line": 751, "column": 12}, "end": {"line": 751, "column": 12}},
                    {"start": {"line": 751, "column": 12}, "end": {"line": 751, "column": 12}}
                ]
            },
            "34": {
                "line": 757,
                "type": "if",
                "locations": [
                    {"start": {"line": 757, "column": 8}, "end": {"line": 757, "column": 8}},
                    {"start": {"line": 757, "column": 8}, "end": {"line": 757, "column": 8}}
                ]
            },
            "35": {
                "line": 765,
                "type": "if",
                "locations": [
                    {"start": {"line": 765, "column": 8}, "end": {"line": 765, "column": 8}},
                    {"start": {"line": 765, "column": 8}, "end": {"line": 765, "column": 8}}
                ]
            }
        }
    },
    "contracts/UUPSProxy.sol": {
        "l": {},
        "path": "/Users/lenny/Workspace/union/union-contracts-1.5/contracts/UUPSProxy.sol",
        "s": {},
        "b": {},
        "f": {"1": 306},
        "fnMap": {
            "1": {
                "name": "constructor",
                "line": 12,
                "loc": {"start": {"line": 8, "column": 4}, "end": {"line": 12, "column": 43}}
            }
        },
        "statementMap": {},
        "branchMap": {}
    },
    "contracts/WadRayMath.sol": {
        "l": {"14": 88, "18": 353},
        "path": "/Users/lenny/Workspace/union/union-contracts-1.5/contracts/WadRayMath.sol",
        "s": {"1": 88, "2": 353},
        "b": {},
        "f": {"1": 88, "2": 353},
        "fnMap": {
            "1": {
                "name": "wadMul",
                "line": 13,
                "loc": {"start": {"line": 13, "column": 4}, "end": {"line": 15, "column": 4}}
            },
            "2": {
                "name": "wadDiv",
                "line": 17,
                "loc": {"start": {"line": 17, "column": 4}, "end": {"line": 19, "column": 4}}
            }
        },
        "statementMap": {
            "1": {"start": {"line": 14, "column": 8}, "end": {"line": 14, "column": 38}},
            "2": {"start": {"line": 18, "column": 8}, "end": {"line": 18, "column": 42}}
        },
        "branchMap": {}
    }
}
